<?xml version="1.0" encoding="UTF-8"?>
<!-- Generated by org.testng.reporters.JUnitReportReporter -->
<testsuite skipped="0" hostname="ESL005CG8257QYV" name="com.qa.test.GetAPITest" tests="1" failures="0" timestamp="14 Apr 2019 12:02:03 GMT" time="1.115" errors="0">
  <testcase name="getAPITestWithoutHeaders" time="1.115" classname="com.qa.test.GetAPITest"/>
</testsuite> <!-- com.qa.test.GetAPITest -->
