<?xml version="1.0" encoding="UTF-8"?>
<!-- Generated by org.testng.reporters.JUnitReportReporter -->
<testsuite skipped="0" hostname="ESL005CG8257QYV" name="com.test.TestClass" tests="1" failures="0" timestamp="20 Feb 2019 14:11:06 GMT" time="0.009" errors="0">
  <testcase name="testcase" time="0.009" classname="com.test.TestClass"/>
</testsuite> <!-- com.test.TestClass -->
