<?xml version="1.0" encoding="UTF-8"?>
<!-- Generated by org.testng.reporters.JUnitReportReporter -->
<testsuite skipped="0" hostname="ESL005CG8257QYV" name="com.qa.test.PostAPITest" tests="1" failures="0" timestamp="14 Apr 2019 12:02:22 GMT" time="0.994" errors="0">
  <testcase name="postAPITest" time="0.994" classname="com.qa.test.PostAPITest"/>
</testsuite> <!-- com.qa.test.PostAPITest -->
